2025-02-11 18:23:05 [INFO] [PID:77821] [root] Logging setup completed successfully
2025-02-11 18:23:05 [INFO] [PID:77822] [root] Logging setup completed successfully
2025-02-11 18:23:05 [DEBUG] [PID:77821] [app] Logging configured
2025-02-11 18:23:05 [DEBUG] [PID:77821] [app] Initializing extensions
2025-02-11 18:23:05 [DEBUG] [PID:77822] [app] Logging configured
2025-02-11 18:23:05 [DEBUG] [PID:77822] [app] Initializing extensions
2025-02-11 18:23:05 [DEBUG] [PID:77822] [app] Extensions initialized
2025-02-11 18:23:05 [DEBUG] [PID:77821] [app] Extensions initialized
2025-02-11 18:23:05 [DEBUG] [PID:77821] [app] Registering blueprints
2025-02-11 18:23:05 [DEBUG] [PID:77822] [app] Registering blueprints
2025-02-11 18:23:05 [INFO] [PID:77823] [root] Logging setup completed successfully
2025-02-11 18:23:05 [DEBUG] [PID:77823] [app] Logging configured
2025-02-11 18:23:05 [DEBUG] [PID:77823] [app] Initializing extensions
2025-02-11 18:23:05 [INFO] [PID:77824] [root] Logging setup completed successfully
2025-02-11 18:23:05 [DEBUG] [PID:77824] [app] Logging configured
2025-02-11 18:23:05 [DEBUG] [PID:77824] [app] Initializing extensions
2025-02-11 18:23:05 [DEBUG] [PID:77823] [app] Extensions initialized
2025-02-11 18:23:05 [DEBUG] [PID:77823] [app] Registering blueprints
2025-02-11 18:23:05 [DEBUG] [PID:77824] [app] Extensions initialized
2025-02-11 18:23:05 [DEBUG] [PID:77824] [app] Registering blueprints
2025-02-11 18:23:05 [DEBUG] [PID:77824] [app] Blueprints registered
2025-02-11 18:23:05 [DEBUG] [PID:77823] [app] Blueprints registered
2025-02-11 18:23:05 [DEBUG] [PID:77824] [app] Application initialization completed
2025-02-11 18:23:05 [DEBUG] [PID:77823] [app] Application initialization completed
2025-02-11 18:23:05 [DEBUG] [PID:77824] [app] Final app object type: <class 'flask.app.Flask'>
2025-02-11 18:23:05 [DEBUG] [PID:77823] [app] Final app object type: <class 'flask.app.Flask'>
2025-02-11 18:23:05 [DEBUG] [PID:77824] [app] Final app object attributes: ['__annotations__', '__call__', '__class__', '__delattr__', '__dict__', '__dir__', '__doc__', '__eq__', '__format__', '__ge__', '__getattribute__', '__getstate__', '__gt__', '__hash__', '__init__', '__init_subclass__', '__le__', '__lt__', '__module__', '__ne__', '__new__', '__reduce__', '__reduce_ex__', '__repr__', '__setattr__', '__sizeof__', '__str__', '__subclasshook__', '__weakref__', '_check_setup_finished', '_find_error_handler', '_get_exc_class_and_code', '_got_first_request', '_method_route', '_static_folder', '_static_url_path', 'aborter', 'aborter_class', 'add_template_filter', 'add_template_global', 'add_template_test', 'add_url_rule', 'after_request', 'after_request_funcs', 'app_context', 'app_ctx_globals_class', 'async_to_sync', 'auto_find_instance_path', 'before_request', 'before_request_funcs', 'blueprints', 'cli', 'config', 'config_class', 'context_processor', 'create_global_jinja_loader', 'create_jinja_environment', 'create_url_adapter', 'debug', 'default_config', 'delete', 'dispatch_request', 'do_teardown_appcontext', 'do_teardown_request', 'endpoint', 'ensure_sync', 'error_handler_spec', 'errorhandler', 'extensions', 'finalize_request', 'full_dispatch_request', 'get', 'get_send_file_max_age', 'handle_exception', 'handle_http_exception', 'handle_url_build_error', 'handle_user_exception', 'has_static_folder', 'import_name', 'inject_url_defaults', 'instance_path', 'iter_blueprints', 'jinja_env', 'jinja_environment', 'jinja_loader', 'jinja_options', 'json', 'json_provider_class', 'log_exception', 'logger', 'login_manager', 'make_aborter', 'make_config', 'make_default_options_response', 'make_response', 'make_shell_context', 'name', 'open_instance_resource', 'open_resource', 'patch', 'permanent_session_lifetime', 'post', 'preprocess_request', 'process_response', 'put', 'raise_routing_exception', 'redirect', 'register_blueprint', 'register_error_handler', 'request_class', 'request_context', 'response_class', 'root_path', 'route', 'run', 'secret_key', 'select_jinja_autoescape', 'send_static_file', 'session_interface', 'shell_context_processor', 'shell_context_processors', 'should_ignore_error', 'static_folder', 'static_url_path', 'subdomain_matching', 'teardown_appcontext', 'teardown_appcontext_funcs', 'teardown_request', 'teardown_request_funcs', 'template_context_processors', 'template_filter', 'template_folder', 'template_global', 'template_test', 'test_cli_runner', 'test_cli_runner_class', 'test_client', 'test_client_class', 'test_request_context', 'testing', 'trap_http_exception', 'update_template_context', 'url_build_error_handlers', 'url_default_functions', 'url_defaults', 'url_for', 'url_map', 'url_map_class', 'url_rule_class', 'url_value_preprocessor', 'url_value_preprocessors', 'view_functions', 'wsgi_app']
2025-02-11 18:23:05 [DEBUG] [PID:77823] [app] Final app object attributes: ['__annotations__', '__call__', '__class__', '__delattr__', '__dict__', '__dir__', '__doc__', '__eq__', '__format__', '__ge__', '__getattribute__', '__getstate__', '__gt__', '__hash__', '__init__', '__init_subclass__', '__le__', '__lt__', '__module__', '__ne__', '__new__', '__reduce__', '__reduce_ex__', '__repr__', '__setattr__', '__sizeof__', '__str__', '__subclasshook__', '__weakref__', '_check_setup_finished', '_find_error_handler', '_get_exc_class_and_code', '_got_first_request', '_method_route', '_static_folder', '_static_url_path', 'aborter', 'aborter_class', 'add_template_filter', 'add_template_global', 'add_template_test', 'add_url_rule', 'after_request', 'after_request_funcs', 'app_context', 'app_ctx_globals_class', 'async_to_sync', 'auto_find_instance_path', 'before_request', 'before_request_funcs', 'blueprints', 'cli', 'config', 'config_class', 'context_processor', 'create_global_jinja_loader', 'create_jinja_environment', 'create_url_adapter', 'debug', 'default_config', 'delete', 'dispatch_request', 'do_teardown_appcontext', 'do_teardown_request', 'endpoint', 'ensure_sync', 'error_handler_spec', 'errorhandler', 'extensions', 'finalize_request', 'full_dispatch_request', 'get', 'get_send_file_max_age', 'handle_exception', 'handle_http_exception', 'handle_url_build_error', 'handle_user_exception', 'has_static_folder', 'import_name', 'inject_url_defaults', 'instance_path', 'iter_blueprints', 'jinja_env', 'jinja_environment', 'jinja_loader', 'jinja_options', 'json', 'json_provider_class', 'log_exception', 'logger', 'login_manager', 'make_aborter', 'make_config', 'make_default_options_response', 'make_response', 'make_shell_context', 'name', 'open_instance_resource', 'open_resource', 'patch', 'permanent_session_lifetime', 'post', 'preprocess_request', 'process_response', 'put', 'raise_routing_exception', 'redirect', 'register_blueprint', 'register_error_handler', 'request_class', 'request_context', 'response_class', 'root_path', 'route', 'run', 'secret_key', 'select_jinja_autoescape', 'send_static_file', 'session_interface', 'shell_context_processor', 'shell_context_processors', 'should_ignore_error', 'static_folder', 'static_url_path', 'subdomain_matching', 'teardown_appcontext', 'teardown_appcontext_funcs', 'teardown_request', 'teardown_request_funcs', 'template_context_processors', 'template_filter', 'template_folder', 'template_global', 'template_test', 'test_cli_runner', 'test_cli_runner_class', 'test_client', 'test_client_class', 'test_request_context', 'testing', 'trap_http_exception', 'update_template_context', 'url_build_error_handlers', 'url_default_functions', 'url_defaults', 'url_for', 'url_map', 'url_map_class', 'url_rule_class', 'url_value_preprocessor', 'url_value_preprocessors', 'view_functions', 'wsgi_app']
2025-02-11 18:23:05 [DEBUG] [PID:77824] [wsgi] Flask application initialized successfully in WSGI
2025-02-11 18:23:05 [DEBUG] [PID:77821] [app] Blueprints registered
2025-02-11 18:23:05 [DEBUG] [PID:77823] [wsgi] Flask application initialized successfully in WSGI
2025-02-11 18:23:05 [DEBUG] [PID:77822] [app] Blueprints registered
2025-02-11 18:23:05 [DEBUG] [PID:77824] [wsgi] App variable type: <class 'flask.app.Flask'>
2025-02-11 18:23:05 [DEBUG] [PID:77821] [app] Application initialization completed
2025-02-11 18:23:05 [DEBUG] [PID:77823] [wsgi] App variable type: <class 'flask.app.Flask'>
2025-02-11 18:23:05 [DEBUG] [PID:77822] [app] Application initialization completed
2025-02-11 18:23:05 [DEBUG] [PID:77824] [wsgi] App variable attributes: ['__annotations__', '__call__', '__class__', '__delattr__', '__dict__', '__dir__', '__doc__', '__eq__', '__format__', '__ge__', '__getattribute__', '__getstate__', '__gt__', '__hash__', '__init__', '__init_subclass__', '__le__', '__lt__', '__module__', '__ne__', '__new__', '__reduce__', '__reduce_ex__', '__repr__', '__setattr__', '__sizeof__', '__str__', '__subclasshook__', '__weakref__', '_check_setup_finished', '_find_error_handler', '_get_exc_class_and_code', '_got_first_request', '_method_route', '_static_folder', '_static_url_path', 'aborter', 'aborter_class', 'add_template_filter', 'add_template_global', 'add_template_test', 'add_url_rule', 'after_request', 'after_request_funcs', 'app_context', 'app_ctx_globals_class', 'async_to_sync', 'auto_find_instance_path', 'before_request', 'before_request_funcs', 'blueprints', 'cli', 'config', 'config_class', 'context_processor', 'create_global_jinja_loader', 'create_jinja_environment', 'create_url_adapter', 'debug', 'default_config', 'delete', 'dispatch_request', 'do_teardown_appcontext', 'do_teardown_request', 'endpoint', 'ensure_sync', 'error_handler_spec', 'errorhandler', 'extensions', 'finalize_request', 'full_dispatch_request', 'get', 'get_send_file_max_age', 'handle_exception', 'handle_http_exception', 'handle_url_build_error', 'handle_user_exception', 'has_static_folder', 'import_name', 'inject_url_defaults', 'instance_path', 'iter_blueprints', 'jinja_env', 'jinja_environment', 'jinja_loader', 'jinja_options', 'json', 'json_provider_class', 'log_exception', 'logger', 'login_manager', 'make_aborter', 'make_config', 'make_default_options_response', 'make_response', 'make_shell_context', 'name', 'open_instance_resource', 'open_resource', 'patch', 'permanent_session_lifetime', 'post', 'preprocess_request', 'process_response', 'put', 'raise_routing_exception', 'redirect', 'register_blueprint', 'register_error_handler', 'request_class', 'request_context', 'response_class', 'root_path', 'route', 'run', 'secret_key', 'select_jinja_autoescape', 'send_static_file', 'session_interface', 'shell_context_processor', 'shell_context_processors', 'should_ignore_error', 'static_folder', 'static_url_path', 'subdomain_matching', 'teardown_appcontext', 'teardown_appcontext_funcs', 'teardown_request', 'teardown_request_funcs', 'template_context_processors', 'template_filter', 'template_folder', 'template_global', 'template_test', 'test_cli_runner', 'test_cli_runner_class', 'test_client', 'test_client_class', 'test_request_context', 'testing', 'trap_http_exception', 'update_template_context', 'url_build_error_handlers', 'url_default_functions', 'url_defaults', 'url_for', 'url_map', 'url_map_class', 'url_rule_class', 'url_value_preprocessor', 'url_value_preprocessors', 'view_functions', 'wsgi_app']
2025-02-11 18:23:05 [DEBUG] [PID:77823] [wsgi] App variable attributes: ['__annotations__', '__call__', '__class__', '__delattr__', '__dict__', '__dir__', '__doc__', '__eq__', '__format__', '__ge__', '__getattribute__', '__getstate__', '__gt__', '__hash__', '__init__', '__init_subclass__', '__le__', '__lt__', '__module__', '__ne__', '__new__', '__reduce__', '__reduce_ex__', '__repr__', '__setattr__', '__sizeof__', '__str__', '__subclasshook__', '__weakref__', '_check_setup_finished', '_find_error_handler', '_get_exc_class_and_code', '_got_first_request', '_method_route', '_static_folder', '_static_url_path', 'aborter', 'aborter_class', 'add_template_filter', 'add_template_global', 'add_template_test', 'add_url_rule', 'after_request', 'after_request_funcs', 'app_context', 'app_ctx_globals_class', 'async_to_sync', 'auto_find_instance_path', 'before_request', 'before_request_funcs', 'blueprints', 'cli', 'config', 'config_class', 'context_processor', 'create_global_jinja_loader', 'create_jinja_environment', 'create_url_adapter', 'debug', 'default_config', 'delete', 'dispatch_request', 'do_teardown_appcontext', 'do_teardown_request', 'endpoint', 'ensure_sync', 'error_handler_spec', 'errorhandler', 'extensions', 'finalize_request', 'full_dispatch_request', 'get', 'get_send_file_max_age', 'handle_exception', 'handle_http_exception', 'handle_url_build_error', 'handle_user_exception', 'has_static_folder', 'import_name', 'inject_url_defaults', 'instance_path', 'iter_blueprints', 'jinja_env', 'jinja_environment', 'jinja_loader', 'jinja_options', 'json', 'json_provider_class', 'log_exception', 'logger', 'login_manager', 'make_aborter', 'make_config', 'make_default_options_response', 'make_response', 'make_shell_context', 'name', 'open_instance_resource', 'open_resource', 'patch', 'permanent_session_lifetime', 'post', 'preprocess_request', 'process_response', 'put', 'raise_routing_exception', 'redirect', 'register_blueprint', 'register_error_handler', 'request_class', 'request_context', 'response_class', 'root_path', 'route', 'run', 'secret_key', 'select_jinja_autoescape', 'send_static_file', 'session_interface', 'shell_context_processor', 'shell_context_processors', 'should_ignore_error', 'static_folder', 'static_url_path', 'subdomain_matching', 'teardown_appcontext', 'teardown_appcontext_funcs', 'teardown_request', 'teardown_request_funcs', 'template_context_processors', 'template_filter', 'template_folder', 'template_global', 'template_test', 'test_cli_runner', 'test_cli_runner_class', 'test_client', 'test_client_class', 'test_request_context', 'testing', 'trap_http_exception', 'update_template_context', 'url_build_error_handlers', 'url_default_functions', 'url_defaults', 'url_for', 'url_map', 'url_map_class', 'url_rule_class', 'url_value_preprocessor', 'url_value_preprocessors', 'view_functions', 'wsgi_app']
2025-02-11 18:23:05 [DEBUG] [PID:77821] [app] Final app object type: <class 'flask.app.Flask'>
2025-02-11 18:23:05 [DEBUG] [PID:77822] [app] Final app object type: <class 'flask.app.Flask'>
2025-02-11 18:23:05 [DEBUG] [PID:77821] [app] Final app object attributes: ['__annotations__', '__call__', '__class__', '__delattr__', '__dict__', '__dir__', '__doc__', '__eq__', '__format__', '__ge__', '__getattribute__', '__getstate__', '__gt__', '__hash__', '__init__', '__init_subclass__', '__le__', '__lt__', '__module__', '__ne__', '__new__', '__reduce__', '__reduce_ex__', '__repr__', '__setattr__', '__sizeof__', '__str__', '__subclasshook__', '__weakref__', '_check_setup_finished', '_find_error_handler', '_get_exc_class_and_code', '_got_first_request', '_method_route', '_static_folder', '_static_url_path', 'aborter', 'aborter_class', 'add_template_filter', 'add_template_global', 'add_template_test', 'add_url_rule', 'after_request', 'after_request_funcs', 'app_context', 'app_ctx_globals_class', 'async_to_sync', 'auto_find_instance_path', 'before_request', 'before_request_funcs', 'blueprints', 'cli', 'config', 'config_class', 'context_processor', 'create_global_jinja_loader', 'create_jinja_environment', 'create_url_adapter', 'debug', 'default_config', 'delete', 'dispatch_request', 'do_teardown_appcontext', 'do_teardown_request', 'endpoint', 'ensure_sync', 'error_handler_spec', 'errorhandler', 'extensions', 'finalize_request', 'full_dispatch_request', 'get', 'get_send_file_max_age', 'handle_exception', 'handle_http_exception', 'handle_url_build_error', 'handle_user_exception', 'has_static_folder', 'import_name', 'inject_url_defaults', 'instance_path', 'iter_blueprints', 'jinja_env', 'jinja_environment', 'jinja_loader', 'jinja_options', 'json', 'json_provider_class', 'log_exception', 'logger', 'login_manager', 'make_aborter', 'make_config', 'make_default_options_response', 'make_response', 'make_shell_context', 'name', 'open_instance_resource', 'open_resource', 'patch', 'permanent_session_lifetime', 'post', 'preprocess_request', 'process_response', 'put', 'raise_routing_exception', 'redirect', 'register_blueprint', 'register_error_handler', 'request_class', 'request_context', 'response_class', 'root_path', 'route', 'run', 'secret_key', 'select_jinja_autoescape', 'send_static_file', 'session_interface', 'shell_context_processor', 'shell_context_processors', 'should_ignore_error', 'static_folder', 'static_url_path', 'subdomain_matching', 'teardown_appcontext', 'teardown_appcontext_funcs', 'teardown_request', 'teardown_request_funcs', 'template_context_processors', 'template_filter', 'template_folder', 'template_global', 'template_test', 'test_cli_runner', 'test_cli_runner_class', 'test_client', 'test_client_class', 'test_request_context', 'testing', 'trap_http_exception', 'update_template_context', 'url_build_error_handlers', 'url_default_functions', 'url_defaults', 'url_for', 'url_map', 'url_map_class', 'url_rule_class', 'url_value_preprocessor', 'url_value_preprocessors', 'view_functions', 'wsgi_app']
2025-02-11 18:23:05 [DEBUG] [PID:77822] [app] Final app object attributes: ['__annotations__', '__call__', '__class__', '__delattr__', '__dict__', '__dir__', '__doc__', '__eq__', '__format__', '__ge__', '__getattribute__', '__getstate__', '__gt__', '__hash__', '__init__', '__init_subclass__', '__le__', '__lt__', '__module__', '__ne__', '__new__', '__reduce__', '__reduce_ex__', '__repr__', '__setattr__', '__sizeof__', '__str__', '__subclasshook__', '__weakref__', '_check_setup_finished', '_find_error_handler', '_get_exc_class_and_code', '_got_first_request', '_method_route', '_static_folder', '_static_url_path', 'aborter', 'aborter_class', 'add_template_filter', 'add_template_global', 'add_template_test', 'add_url_rule', 'after_request', 'after_request_funcs', 'app_context', 'app_ctx_globals_class', 'async_to_sync', 'auto_find_instance_path', 'before_request', 'before_request_funcs', 'blueprints', 'cli', 'config', 'config_class', 'context_processor', 'create_global_jinja_loader', 'create_jinja_environment', 'create_url_adapter', 'debug', 'default_config', 'delete', 'dispatch_request', 'do_teardown_appcontext', 'do_teardown_request', 'endpoint', 'ensure_sync', 'error_handler_spec', 'errorhandler', 'extensions', 'finalize_request', 'full_dispatch_request', 'get', 'get_send_file_max_age', 'handle_exception', 'handle_http_exception', 'handle_url_build_error', 'handle_user_exception', 'has_static_folder', 'import_name', 'inject_url_defaults', 'instance_path', 'iter_blueprints', 'jinja_env', 'jinja_environment', 'jinja_loader', 'jinja_options', 'json', 'json_provider_class', 'log_exception', 'logger', 'login_manager', 'make_aborter', 'make_config', 'make_default_options_response', 'make_response', 'make_shell_context', 'name', 'open_instance_resource', 'open_resource', 'patch', 'permanent_session_lifetime', 'post', 'preprocess_request', 'process_response', 'put', 'raise_routing_exception', 'redirect', 'register_blueprint', 'register_error_handler', 'request_class', 'request_context', 'response_class', 'root_path', 'route', 'run', 'secret_key', 'select_jinja_autoescape', 'send_static_file', 'session_interface', 'shell_context_processor', 'shell_context_processors', 'should_ignore_error', 'static_folder', 'static_url_path', 'subdomain_matching', 'teardown_appcontext', 'teardown_appcontext_funcs', 'teardown_request', 'teardown_request_funcs', 'template_context_processors', 'template_filter', 'template_folder', 'template_global', 'template_test', 'test_cli_runner', 'test_cli_runner_class', 'test_client', 'test_client_class', 'test_request_context', 'testing', 'trap_http_exception', 'update_template_context', 'url_build_error_handlers', 'url_default_functions', 'url_defaults', 'url_for', 'url_map', 'url_map_class', 'url_rule_class', 'url_value_preprocessor', 'url_value_preprocessors', 'view_functions', 'wsgi_app']
2025-02-11 18:23:05 [DEBUG] [PID:77821] [wsgi] Flask application initialized successfully in WSGI
2025-02-11 18:23:05 [DEBUG] [PID:77822] [wsgi] Flask application initialized successfully in WSGI
2025-02-11 18:23:05 [DEBUG] [PID:77821] [wsgi] App variable type: <class 'flask.app.Flask'>
2025-02-11 18:23:05 [DEBUG] [PID:77822] [wsgi] App variable type: <class 'flask.app.Flask'>
2025-02-11 18:23:05 [DEBUG] [PID:77821] [wsgi] App variable attributes: ['__annotations__', '__call__', '__class__', '__delattr__', '__dict__', '__dir__', '__doc__', '__eq__', '__format__', '__ge__', '__getattribute__', '__getstate__', '__gt__', '__hash__', '__init__', '__init_subclass__', '__le__', '__lt__', '__module__', '__ne__', '__new__', '__reduce__', '__reduce_ex__', '__repr__', '__setattr__', '__sizeof__', '__str__', '__subclasshook__', '__weakref__', '_check_setup_finished', '_find_error_handler', '_get_exc_class_and_code', '_got_first_request', '_method_route', '_static_folder', '_static_url_path', 'aborter', 'aborter_class', 'add_template_filter', 'add_template_global', 'add_template_test', 'add_url_rule', 'after_request', 'after_request_funcs', 'app_context', 'app_ctx_globals_class', 'async_to_sync', 'auto_find_instance_path', 'before_request', 'before_request_funcs', 'blueprints', 'cli', 'config', 'config_class', 'context_processor', 'create_global_jinja_loader', 'create_jinja_environment', 'create_url_adapter', 'debug', 'default_config', 'delete', 'dispatch_request', 'do_teardown_appcontext', 'do_teardown_request', 'endpoint', 'ensure_sync', 'error_handler_spec', 'errorhandler', 'extensions', 'finalize_request', 'full_dispatch_request', 'get', 'get_send_file_max_age', 'handle_exception', 'handle_http_exception', 'handle_url_build_error', 'handle_user_exception', 'has_static_folder', 'import_name', 'inject_url_defaults', 'instance_path', 'iter_blueprints', 'jinja_env', 'jinja_environment', 'jinja_loader', 'jinja_options', 'json', 'json_provider_class', 'log_exception', 'logger', 'login_manager', 'make_aborter', 'make_config', 'make_default_options_response', 'make_response', 'make_shell_context', 'name', 'open_instance_resource', 'open_resource', 'patch', 'permanent_session_lifetime', 'post', 'preprocess_request', 'process_response', 'put', 'raise_routing_exception', 'redirect', 'register_blueprint', 'register_error_handler', 'request_class', 'request_context', 'response_class', 'root_path', 'route', 'run', 'secret_key', 'select_jinja_autoescape', 'send_static_file', 'session_interface', 'shell_context_processor', 'shell_context_processors', 'should_ignore_error', 'static_folder', 'static_url_path', 'subdomain_matching', 'teardown_appcontext', 'teardown_appcontext_funcs', 'teardown_request', 'teardown_request_funcs', 'template_context_processors', 'template_filter', 'template_folder', 'template_global', 'template_test', 'test_cli_runner', 'test_cli_runner_class', 'test_client', 'test_client_class', 'test_request_context', 'testing', 'trap_http_exception', 'update_template_context', 'url_build_error_handlers', 'url_default_functions', 'url_defaults', 'url_for', 'url_map', 'url_map_class', 'url_rule_class', 'url_value_preprocessor', 'url_value_preprocessors', 'view_functions', 'wsgi_app']
2025-02-11 18:23:05 [DEBUG] [PID:77822] [wsgi] App variable attributes: ['__annotations__', '__call__', '__class__', '__delattr__', '__dict__', '__dir__', '__doc__', '__eq__', '__format__', '__ge__', '__getattribute__', '__getstate__', '__gt__', '__hash__', '__init__', '__init_subclass__', '__le__', '__lt__', '__module__', '__ne__', '__new__', '__reduce__', '__reduce_ex__', '__repr__', '__setattr__', '__sizeof__', '__str__', '__subclasshook__', '__weakref__', '_check_setup_finished', '_find_error_handler', '_get_exc_class_and_code', '_got_first_request', '_method_route', '_static_folder', '_static_url_path', 'aborter', 'aborter_class', 'add_template_filter', 'add_template_global', 'add_template_test', 'add_url_rule', 'after_request', 'after_request_funcs', 'app_context', 'app_ctx_globals_class', 'async_to_sync', 'auto_find_instance_path', 'before_request', 'before_request_funcs', 'blueprints', 'cli', 'config', 'config_class', 'context_processor', 'create_global_jinja_loader', 'create_jinja_environment', 'create_url_adapter', 'debug', 'default_config', 'delete', 'dispatch_request', 'do_teardown_appcontext', 'do_teardown_request', 'endpoint', 'ensure_sync', 'error_handler_spec', 'errorhandler', 'extensions', 'finalize_request', 'full_dispatch_request', 'get', 'get_send_file_max_age', 'handle_exception', 'handle_http_exception', 'handle_url_build_error', 'handle_user_exception', 'has_static_folder', 'import_name', 'inject_url_defaults', 'instance_path', 'iter_blueprints', 'jinja_env', 'jinja_environment', 'jinja_loader', 'jinja_options', 'json', 'json_provider_class', 'log_exception', 'logger', 'login_manager', 'make_aborter', 'make_config', 'make_default_options_response', 'make_response', 'make_shell_context', 'name', 'open_instance_resource', 'open_resource', 'patch', 'permanent_session_lifetime', 'post', 'preprocess_request', 'process_response', 'put', 'raise_routing_exception', 'redirect', 'register_blueprint', 'register_error_handler', 'request_class', 'request_context', 'response_class', 'root_path', 'route', 'run', 'secret_key', 'select_jinja_autoescape', 'send_static_file', 'session_interface', 'shell_context_processor', 'shell_context_processors', 'should_ignore_error', 'static_folder', 'static_url_path', 'subdomain_matching', 'teardown_appcontext', 'teardown_appcontext_funcs', 'teardown_request', 'teardown_request_funcs', 'template_context_processors', 'template_filter', 'template_folder', 'template_global', 'template_test', 'test_cli_runner', 'test_cli_runner_class', 'test_client', 'test_client_class', 'test_request_context', 'testing', 'trap_http_exception', 'update_template_context', 'url_build_error_handlers', 'url_default_functions', 'url_defaults', 'url_for', 'url_map', 'url_map_class', 'url_rule_class', 'url_value_preprocessor', 'url_value_preprocessors', 'view_functions', 'wsgi_app']
2025-02-11 18:23:09 [DEBUG] [PID:77822] [app.routes.profile] 
=== PROFILE PAGE ACCESS ===
2025-02-11 18:23:09 [DEBUG] [PID:77822] [app.routes.profile] User Authentication Info:
2025-02-11 18:23:09 [DEBUG] [PID:77822] [app.routes.profile] Authenticated User ID: 72e2fe34-b1a7-4e56-ba5a-2164637f3ee0
2025-02-11 18:23:09 [DEBUG] [PID:77822] [app.routes.profile] User ID Type: <class 'uuid.UUID'>
2025-02-11 18:23:09 [DEBUG] [PID:77822] [app.routes.profile] User Object Type: <class 'werkzeug.local.LocalProxy'>
2025-02-11 18:23:09 [DEBUG] [PID:77822] [app.routes.profile] User Dict: {'_sa_instance_state': <sqlalchemy.orm.state.InstanceState object at 0x10a45f6b0>, 'username': 'nonso', 'is_admin': False, 'is_superuser': False, 'name': 'Nonso Nwune', 'id': UUID('72e2fe34-b1a7-4e56-ba5a-2164637f3ee0'), 'password_hash': 'scrypt:32768:8:1$K00sg1giqskx7JI7$d4d182845ab9412d62267ef8768f1efc2e35fcd5a78ddebc646442e1563cfaab122d73245416bb4dde694433cb5d1bb29f15845931b8a332ac420f5b3fbc9763'}
2025-02-11 18:23:09 [DEBUG] [PID:77822] [app.routes.profile] 
=== DATABASE VERIFICATION ===
2025-02-11 18:23:09 [DEBUG] [PID:77822] [app.models.shipment] 
=== GUID RESULT VALUE ===
2025-02-11 18:23:09 [DEBUG] [PID:77822] [app.models.shipment] Input value: f162622e-ff25-4581-90cc-a03990a8e069
2025-02-11 18:23:09 [DEBUG] [PID:77822] [app.models.shipment] Input type: <class 'uuid.UUID'>
2025-02-11 18:23:09 [DEBUG] [PID:77822] [app.models.shipment] Dialect: postgresql
2025-02-11 18:23:09 [DEBUG] [PID:77822] [app.models.shipment] Returning UUID value: f162622e-ff25-4581-90cc-a03990a8e069
2025-02-11 18:23:09 [DEBUG] [PID:77822] [app.models.shipment] 
=== GUID RESULT VALUE ===
2025-02-11 18:23:09 [DEBUG] [PID:77822] [app.models.shipment] Input value: 675e03ba-0359-4f95-b063-95ef9221a464
2025-02-11 18:23:09 [DEBUG] [PID:77822] [app.models.shipment] Input type: <class 'uuid.UUID'>
2025-02-11 18:23:09 [DEBUG] [PID:77822] [app.models.shipment] Dialect: postgresql
2025-02-11 18:23:09 [DEBUG] [PID:77822] [app.models.shipment] Returning UUID value: 675e03ba-0359-4f95-b063-95ef9221a464
2025-02-11 18:23:09 [DEBUG] [PID:77822] [app.routes.profile] Sample Shipment ID: f162622e-ff25-4581-90cc-a03990a8e069
2025-02-11 18:23:09 [DEBUG] [PID:77822] [app.routes.profile] Sample Shipment created_by: 675e03ba-0359-4f95-b063-95ef9221a464
2025-02-11 18:23:09 [DEBUG] [PID:77822] [app.routes.profile] Sample Shipment created_by type: <class 'uuid.UUID'>
2025-02-11 18:23:09 [DEBUG] [PID:77822] [app.routes.profile] 
=== USER SHIPMENTS QUERY ===
2025-02-11 18:23:09 [DEBUG] [PID:77822] [app.routes.profile] Querying with user_id: 72e2fe34-b1a7-4e56-ba5a-2164637f3ee0
2025-02-11 18:23:09 [DEBUG] [PID:77822] [app.models.shipment] 
=== GUID BIND PARAM ===
2025-02-11 18:23:09 [DEBUG] [PID:77822] [app.models.shipment] Input value: 72e2fe34-b1a7-4e56-ba5a-2164637f3ee0
2025-02-11 18:23:09 [DEBUG] [PID:77822] [app.models.shipment] Input type: <class 'str'>
2025-02-11 18:23:09 [DEBUG] [PID:77822] [app.models.shipment] Dialect: postgresql
2025-02-11 18:23:09 [DEBUG] [PID:77822] [app.models.shipment] PostgreSQL: Converting to string: 72e2fe34-b1a7-4e56-ba5a-2164637f3ee0
2025-02-11 18:23:09 [DEBUG] [PID:77822] [app.models.shipment] 
=== GUID BIND PARAM ===
2025-02-11 18:23:09 [DEBUG] [PID:77822] [app.models.shipment] Input value: 72e2fe34-b1a7-4e56-ba5a-2164637f3ee0
2025-02-11 18:23:09 [DEBUG] [PID:77822] [app.models.shipment] Input type: <class 'uuid.UUID'>
2025-02-11 18:23:09 [DEBUG] [PID:77822] [app.models.shipment] Dialect: postgresql
2025-02-11 18:23:09 [DEBUG] [PID:77822] [app.models.shipment] PostgreSQL: Converting to string: 72e2fe34-b1a7-4e56-ba5a-2164637f3ee0
2025-02-11 18:23:09 [DEBUG] [PID:77822] [app.routes.profile] Count with string casting: 1
2025-02-11 18:23:09 [DEBUG] [PID:77822] [app.routes.profile] Count without string casting: 1
2025-02-11 18:23:09 [DEBUG] [PID:77822] [app.routes.profile] 
=== ALL SHIPMENTS CHECK ===
2025-02-11 18:23:09 [DEBUG] [PID:77822] [app.models.shipment] 
=== GUID RESULT VALUE ===
2025-02-11 18:23:09 [DEBUG] [PID:77822] [app.models.shipment] Input value: f162622e-ff25-4581-90cc-a03990a8e069
2025-02-11 18:23:09 [DEBUG] [PID:77822] [app.models.shipment] Input type: <class 'uuid.UUID'>
2025-02-11 18:23:09 [DEBUG] [PID:77822] [app.models.shipment] Dialect: postgresql
2025-02-11 18:23:09 [DEBUG] [PID:77822] [app.models.shipment] Returning UUID value: f162622e-ff25-4581-90cc-a03990a8e069
2025-02-11 18:23:09 [DEBUG] [PID:77822] [app.models.shipment] 
=== GUID RESULT VALUE ===
2025-02-11 18:23:09 [DEBUG] [PID:77822] [app.models.shipment] Input value: 675e03ba-0359-4f95-b063-95ef9221a464
2025-02-11 18:23:09 [DEBUG] [PID:77822] [app.models.shipment] Input type: <class 'uuid.UUID'>
2025-02-11 18:23:09 [DEBUG] [PID:77822] [app.models.shipment] Dialect: postgresql
2025-02-11 18:23:09 [DEBUG] [PID:77822] [app.models.shipment] Returning UUID value: 675e03ba-0359-4f95-b063-95ef9221a464
2025-02-11 18:23:09 [DEBUG] [PID:77822] [app.models.shipment] 
=== GUID RESULT VALUE ===
2025-02-11 18:23:09 [DEBUG] [PID:77822] [app.models.shipment] Input value: 6b9d7a10-1a42-44c7-bdaa-c2f8287bf30b
2025-02-11 18:23:09 [DEBUG] [PID:77822] [app.models.shipment] Input type: <class 'uuid.UUID'>
2025-02-11 18:23:09 [DEBUG] [PID:77822] [app.models.shipment] Dialect: postgresql
2025-02-11 18:23:09 [DEBUG] [PID:77822] [app.models.shipment] Returning UUID value: 6b9d7a10-1a42-44c7-bdaa-c2f8287bf30b
2025-02-11 18:23:09 [DEBUG] [PID:77822] [app.models.shipment] 
=== GUID RESULT VALUE ===
2025-02-11 18:23:09 [DEBUG] [PID:77822] [app.models.shipment] Input value: 675e03ba-0359-4f95-b063-95ef9221a464
2025-02-11 18:23:09 [DEBUG] [PID:77822] [app.models.shipment] Input type: <class 'uuid.UUID'>
2025-02-11 18:23:09 [DEBUG] [PID:77822] [app.models.shipment] Dialect: postgresql
2025-02-11 18:23:09 [DEBUG] [PID:77822] [app.models.shipment] Returning UUID value: 675e03ba-0359-4f95-b063-95ef9221a464
2025-02-11 18:23:09 [DEBUG] [PID:77822] [app.models.shipment] 
=== GUID RESULT VALUE ===
2025-02-11 18:23:09 [DEBUG] [PID:77822] [app.models.shipment] Input value: f2b65e7d-0cfc-41be-ab06-00e4a1b39a18
2025-02-11 18:23:09 [DEBUG] [PID:77822] [app.models.shipment] Input type: <class 'uuid.UUID'>
2025-02-11 18:23:09 [DEBUG] [PID:77822] [app.models.shipment] Dialect: postgresql
2025-02-11 18:23:09 [DEBUG] [PID:77822] [app.models.shipment] Returning UUID value: f2b65e7d-0cfc-41be-ab06-00e4a1b39a18
2025-02-11 18:23:09 [DEBUG] [PID:77822] [app.models.shipment] 
=== GUID RESULT VALUE ===
2025-02-11 18:23:09 [DEBUG] [PID:77822] [app.models.shipment] Input value: 675e03ba-0359-4f95-b063-95ef9221a464
2025-02-11 18:23:09 [DEBUG] [PID:77822] [app.models.shipment] Input type: <class 'uuid.UUID'>
2025-02-11 18:23:09 [DEBUG] [PID:77822] [app.models.shipment] Dialect: postgresql
2025-02-11 18:23:09 [DEBUG] [PID:77822] [app.models.shipment] Returning UUID value: 675e03ba-0359-4f95-b063-95ef9221a464
2025-02-11 18:23:09 [DEBUG] [PID:77822] [app.models.shipment] 
=== GUID RESULT VALUE ===
2025-02-11 18:23:09 [DEBUG] [PID:77822] [app.models.shipment] Input value: 728266b3-61c4-4846-9eac-11c19a2c7b50
2025-02-11 18:23:09 [DEBUG] [PID:77822] [app.models.shipment] Input type: <class 'uuid.UUID'>
2025-02-11 18:23:09 [DEBUG] [PID:77822] [app.models.shipment] Dialect: postgresql
2025-02-11 18:23:09 [DEBUG] [PID:77822] [app.models.shipment] Returning UUID value: 728266b3-61c4-4846-9eac-11c19a2c7b50
2025-02-11 18:23:09 [DEBUG] [PID:77822] [app.models.shipment] 
=== GUID RESULT VALUE ===
2025-02-11 18:23:09 [DEBUG] [PID:77822] [app.models.shipment] Input value: 72e2fe34-b1a7-4e56-ba5a-2164637f3ee0
2025-02-11 18:23:09 [DEBUG] [PID:77822] [app.models.shipment] Input type: <class 'uuid.UUID'>
2025-02-11 18:23:09 [DEBUG] [PID:77822] [app.models.shipment] Dialect: postgresql
2025-02-11 18:23:09 [DEBUG] [PID:77822] [app.models.shipment] Returning UUID value: 72e2fe34-b1a7-4e56-ba5a-2164637f3ee0
2025-02-11 18:23:09 [DEBUG] [PID:77822] [app.models.shipment] 
=== GUID RESULT VALUE ===
2025-02-11 18:23:09 [DEBUG] [PID:77822] [app.models.shipment] Input value: 783903fc-f289-4d50-9cbd-014cabf1a8c6
2025-02-11 18:23:09 [DEBUG] [PID:77822] [app.models.shipment] Input type: <class 'uuid.UUID'>
2025-02-11 18:23:09 [DEBUG] [PID:77822] [app.models.shipment] Dialect: postgresql
2025-02-11 18:23:09 [DEBUG] [PID:77822] [app.models.shipment] Returning UUID value: 783903fc-f289-4d50-9cbd-014cabf1a8c6
2025-02-11 18:23:09 [DEBUG] [PID:77822] [app.models.shipment] 
=== GUID RESULT VALUE ===
2025-02-11 18:23:09 [DEBUG] [PID:77822] [app.models.shipment] Input value: 675e03ba-0359-4f95-b063-95ef9221a464
2025-02-11 18:23:09 [DEBUG] [PID:77822] [app.models.shipment] Input type: <class 'uuid.UUID'>
2025-02-11 18:23:09 [DEBUG] [PID:77822] [app.models.shipment] Dialect: postgresql
2025-02-11 18:23:09 [DEBUG] [PID:77822] [app.models.shipment] Returning UUID value: 675e03ba-0359-4f95-b063-95ef9221a464
2025-02-11 18:23:09 [DEBUG] [PID:77822] [app.routes.profile] Total shipments in database: 5
2025-02-11 18:23:09 [DEBUG] [PID:77822] [app.routes.profile] Shipment ID: f162622e-ff25-4581-90cc-a03990a8e069, created_by: 675e03ba-0359-4f95-b063-95ef9221a464, created_by type: <class 'uuid.UUID'>
2025-02-11 18:23:09 [DEBUG] [PID:77822] [app.routes.profile] Shipment ID: 6b9d7a10-1a42-44c7-bdaa-c2f8287bf30b, created_by: 675e03ba-0359-4f95-b063-95ef9221a464, created_by type: <class 'uuid.UUID'>
2025-02-11 18:23:09 [DEBUG] [PID:77822] [app.routes.profile] Shipment ID: f2b65e7d-0cfc-41be-ab06-00e4a1b39a18, created_by: 675e03ba-0359-4f95-b063-95ef9221a464, created_by type: <class 'uuid.UUID'>
2025-02-11 18:23:09 [DEBUG] [PID:77822] [app.routes.profile] Shipment ID: 728266b3-61c4-4846-9eac-11c19a2c7b50, created_by: 72e2fe34-b1a7-4e56-ba5a-2164637f3ee0, created_by type: <class 'uuid.UUID'>
2025-02-11 18:23:09 [DEBUG] [PID:77822] [app.routes.profile] Shipment ID: 783903fc-f289-4d50-9cbd-014cabf1a8c6, created_by: 675e03ba-0359-4f95-b063-95ef9221a464, created_by type: <class 'uuid.UUID'>
2025-02-11 18:23:09 [DEBUG] [PID:77822] [app.routes.profile] 
=== STATS QUERY ===
2025-02-11 18:23:09 [DEBUG] [PID:77822] [app.models.shipment] 
=== GUID BIND PARAM ===
2025-02-11 18:23:09 [DEBUG] [PID:77822] [app.models.shipment] Input value: 72e2fe34-b1a7-4e56-ba5a-2164637f3ee0
2025-02-11 18:23:09 [DEBUG] [PID:77822] [app.models.shipment] Input type: <class 'uuid.UUID'>
2025-02-11 18:23:09 [DEBUG] [PID:77822] [app.models.shipment] Dialect: default
2025-02-11 18:23:09 [DEBUG] [PID:77822] [app.models.shipment] UUID input: Converting to string: 72e2fe34-b1a7-4e56-ba5a-2164637f3ee0
2025-02-11 18:23:09 [DEBUG] [PID:77822] [app.routes.profile] Stats Query SQL: SELECT count(export_request.id) AS total_shipments, sum(export_request.total) AS total_revenue, sum(CASE WHEN (export_request.status IN ('processing', 'in_transit')) THEN 1 ELSE 0 END) AS active_shipments, sum(CASE WHEN (export_request.status = 'delivered') THEN 1 ELSE 0 END) AS delivered_shipments 
FROM export_request 
WHERE export_request.created_by = '72e2fe34-b1a7-4e56-ba5a-2164637f3ee0'
2025-02-11 18:23:09 [DEBUG] [PID:77822] [app.models.shipment] 
=== GUID BIND PARAM ===
2025-02-11 18:23:09 [DEBUG] [PID:77822] [app.models.shipment] Input value: 72e2fe34-b1a7-4e56-ba5a-2164637f3ee0
2025-02-11 18:23:09 [DEBUG] [PID:77822] [app.models.shipment] Input type: <class 'uuid.UUID'>
2025-02-11 18:23:09 [DEBUG] [PID:77822] [app.models.shipment] Dialect: postgresql
2025-02-11 18:23:09 [DEBUG] [PID:77822] [app.models.shipment] PostgreSQL: Converting to string: 72e2fe34-b1a7-4e56-ba5a-2164637f3ee0
2025-02-11 18:23:09 [DEBUG] [PID:77822] [app.routes.profile] Stats Query Result: (1, 362.0, 1, 0)
2025-02-11 18:23:09 [DEBUG] [PID:77822] [app.routes.profile] Querying status distribution
2025-02-11 18:23:09 [DEBUG] [PID:77822] [app.models.shipment] 
=== GUID BIND PARAM ===
2025-02-11 18:23:09 [DEBUG] [PID:77822] [app.models.shipment] Input value: 72e2fe34-b1a7-4e56-ba5a-2164637f3ee0
2025-02-11 18:23:09 [DEBUG] [PID:77822] [app.models.shipment] Input type: <class 'uuid.UUID'>
2025-02-11 18:23:09 [DEBUG] [PID:77822] [app.models.shipment] Dialect: postgresql
2025-02-11 18:23:09 [DEBUG] [PID:77822] [app.models.shipment] PostgreSQL: Converting to string: 72e2fe34-b1a7-4e56-ba5a-2164637f3ee0
2025-02-11 18:23:09 [DEBUG] [PID:77822] [app.routes.profile] Raw status counts: [('processing', 1)]
2025-02-11 18:23:09 [DEBUG] [PID:77822] [app.routes.profile] Formatted status distribution: {'pending': 0, 'processing': 1, 'in_transit': 0, 'delivered': 0, 'cancelled': 0}
2025-02-11 18:23:09 [DEBUG] [PID:77822] [app.routes.profile] Total by status distribution: 1
2025-02-11 18:23:09 [DEBUG] [PID:77822] [app.routes.profile] Total by direct count: 1
2025-02-11 18:23:09 [DEBUG] [PID:77822] [app.routes.profile] Querying recent shipments
2025-02-11 18:23:09 [DEBUG] [PID:77822] [app.models.shipment] 
=== GUID BIND PARAM ===
2025-02-11 18:23:09 [DEBUG] [PID:77822] [app.models.shipment] Input value: 72e2fe34-b1a7-4e56-ba5a-2164637f3ee0
2025-02-11 18:23:09 [DEBUG] [PID:77822] [app.models.shipment] Input type: <class 'uuid.UUID'>
2025-02-11 18:23:09 [DEBUG] [PID:77822] [app.models.shipment] Dialect: postgresql
2025-02-11 18:23:09 [DEBUG] [PID:77822] [app.models.shipment] PostgreSQL: Converting to string: 72e2fe34-b1a7-4e56-ba5a-2164637f3ee0
2025-02-11 18:23:09 [DEBUG] [PID:77822] [app.models.shipment] 
=== GUID RESULT VALUE ===
2025-02-11 18:23:09 [DEBUG] [PID:77822] [app.models.shipment] Input value: 728266b3-61c4-4846-9eac-11c19a2c7b50
2025-02-11 18:23:09 [DEBUG] [PID:77822] [app.models.shipment] Input type: <class 'uuid.UUID'>
2025-02-11 18:23:09 [DEBUG] [PID:77822] [app.models.shipment] Dialect: postgresql
2025-02-11 18:23:09 [DEBUG] [PID:77822] [app.models.shipment] Returning UUID value: 728266b3-61c4-4846-9eac-11c19a2c7b50
2025-02-11 18:23:09 [DEBUG] [PID:77822] [app.models.shipment] 
=== GUID RESULT VALUE ===
2025-02-11 18:23:09 [DEBUG] [PID:77822] [app.models.shipment] Input value: 72e2fe34-b1a7-4e56-ba5a-2164637f3ee0
2025-02-11 18:23:09 [DEBUG] [PID:77822] [app.models.shipment] Input type: <class 'uuid.UUID'>
2025-02-11 18:23:09 [DEBUG] [PID:77822] [app.models.shipment] Dialect: postgresql
2025-02-11 18:23:09 [DEBUG] [PID:77822] [app.models.shipment] Returning UUID value: 72e2fe34-b1a7-4e56-ba5a-2164637f3ee0
2025-02-11 18:23:09 [DEBUG] [PID:77822] [app.routes.profile] Retrieved 1 recent shipments
2025-02-11 18:23:09 [DEBUG] [PID:77822] [app.routes.profile] Shipment EX000005: Status=processing, Created by=72e2fe34-b1a7-4e56-ba5a-2164637f3ee0
2025-02-11 18:23:15 [DEBUG] [PID:77824] [app.routes.shipments] Accessing shipments list
2025-02-11 18:23:15 [DEBUG] [PID:77824] [app.routes.shipments] Checking registered endpoints
2025-02-11 18:23:15 [DEBUG] [PID:77824] [app.routes.shipments] Available URL endpoints: ['static', 'main.index', 'main.dashboard', 'main.profile', 'main.print_form_template', 'main.reports', 'main.serve_image', 'auth.login', 'auth.logout', 'auth.change_password', 'shipments.list_shipments', 'shipments.new_shipment', 'shipments.submit_shipment', 'shipments.view_shipment', 'shipments.edit_shipment', 'shipments.delete_shipment', 'shipments.update_status', 'tracking.tracking_page', 'tracking.track_shipment', 'tracking.search_shipment', 'tracking.get_tracking_info', 'contacts.list_senders', 'contacts.list_receivers', 'contacts.list_all_contacts', 'admin.manage_users', 'admin.create_user', 'admin.reset_user_password', 'admin.superuser_recovery', 'admin.delete_user', 'admin.manage_admins', 'admin.add_admin', 'admin.modify_admin', 'admin.delete_admin', 'api.list_shipments', 'api.get_shipment', 'api.create_shipment', 'api.update_shipment', 'api.delete_shipment', 'api.update_status', 'api.get_stats', 'api.get_dashboard_charts', 'api.get_chart_data', 'api.get_dashboard_data', 'profile.index', 'profile.shipments', 'profile.get_shipments']
2025-02-11 18:23:15 [DEBUG] [PID:77824] [app.routes.shipments] Current blueprint routes: ['shipments.<function Blueprint.add_url_rule.<locals>.<lambda> at 0x109e7c400>', 'shipments.<function Blueprint.add_url_rule.<locals>.<lambda> at 0x109e7c5e0>', 'shipments.<function Blueprint.add_url_rule.<locals>.<lambda> at 0x109e7c7c0>', 'shipments.<function Blueprint.add_url_rule.<locals>.<lambda> at 0x109e7c900>', 'shipments.<function Blueprint.add_url_rule.<locals>.<lambda> at 0x109e7cae0>', 'shipments.<function Blueprint.add_url_rule.<locals>.<lambda> at 0x109e7ccc0>', 'shipments.<function Blueprint.add_url_rule.<locals>.<lambda> at 0x109e7cea0>']
2025-02-11 18:23:15 [DEBUG] [PID:77824] [app.models.shipment] 
=== GUID RESULT VALUE ===
2025-02-11 18:23:15 [DEBUG] [PID:77824] [app.models.shipment] Input value: 728266b3-61c4-4846-9eac-11c19a2c7b50
2025-02-11 18:23:15 [DEBUG] [PID:77824] [app.models.shipment] Input type: <class 'uuid.UUID'>
2025-02-11 18:23:15 [DEBUG] [PID:77824] [app.models.shipment] Dialect: postgresql
2025-02-11 18:23:15 [DEBUG] [PID:77824] [app.models.shipment] Returning UUID value: 728266b3-61c4-4846-9eac-11c19a2c7b50
2025-02-11 18:23:15 [DEBUG] [PID:77824] [app.models.shipment] 
=== GUID RESULT VALUE ===
2025-02-11 18:23:15 [DEBUG] [PID:77824] [app.models.shipment] Input value: 72e2fe34-b1a7-4e56-ba5a-2164637f3ee0
2025-02-11 18:23:15 [DEBUG] [PID:77824] [app.models.shipment] Input type: <class 'uuid.UUID'>
2025-02-11 18:23:15 [DEBUG] [PID:77824] [app.models.shipment] Dialect: postgresql
2025-02-11 18:23:15 [DEBUG] [PID:77824] [app.models.shipment] Returning UUID value: 72e2fe34-b1a7-4e56-ba5a-2164637f3ee0
2025-02-11 18:23:15 [DEBUG] [PID:77824] [app.models.shipment] 
=== GUID RESULT VALUE ===
2025-02-11 18:23:15 [DEBUG] [PID:77824] [app.models.shipment] Input value: 783903fc-f289-4d50-9cbd-014cabf1a8c6
2025-02-11 18:23:15 [DEBUG] [PID:77824] [app.models.shipment] Input type: <class 'uuid.UUID'>
2025-02-11 18:23:15 [DEBUG] [PID:77824] [app.models.shipment] Dialect: postgresql
2025-02-11 18:23:15 [DEBUG] [PID:77824] [app.models.shipment] Returning UUID value: 783903fc-f289-4d50-9cbd-014cabf1a8c6
2025-02-11 18:23:15 [DEBUG] [PID:77824] [app.models.shipment] 
=== GUID RESULT VALUE ===
2025-02-11 18:23:15 [DEBUG] [PID:77824] [app.models.shipment] Input value: 675e03ba-0359-4f95-b063-95ef9221a464
2025-02-11 18:23:15 [DEBUG] [PID:77824] [app.models.shipment] Input type: <class 'uuid.UUID'>
2025-02-11 18:23:15 [DEBUG] [PID:77824] [app.models.shipment] Dialect: postgresql
2025-02-11 18:23:15 [DEBUG] [PID:77824] [app.models.shipment] Returning UUID value: 675e03ba-0359-4f95-b063-95ef9221a464
2025-02-11 18:23:15 [DEBUG] [PID:77824] [app.models.shipment] 
=== GUID RESULT VALUE ===
2025-02-11 18:23:15 [DEBUG] [PID:77824] [app.models.shipment] Input value: f2b65e7d-0cfc-41be-ab06-00e4a1b39a18
2025-02-11 18:23:15 [DEBUG] [PID:77824] [app.models.shipment] Input type: <class 'uuid.UUID'>
2025-02-11 18:23:15 [DEBUG] [PID:77824] [app.models.shipment] Dialect: postgresql
2025-02-11 18:23:15 [DEBUG] [PID:77824] [app.models.shipment] Returning UUID value: f2b65e7d-0cfc-41be-ab06-00e4a1b39a18
2025-02-11 18:23:15 [DEBUG] [PID:77824] [app.models.shipment] 
=== GUID RESULT VALUE ===
2025-02-11 18:23:15 [DEBUG] [PID:77824] [app.models.shipment] Input value: 675e03ba-0359-4f95-b063-95ef9221a464
2025-02-11 18:23:15 [DEBUG] [PID:77824] [app.models.shipment] Input type: <class 'uuid.UUID'>
2025-02-11 18:23:15 [DEBUG] [PID:77824] [app.models.shipment] Dialect: postgresql
2025-02-11 18:23:15 [DEBUG] [PID:77824] [app.models.shipment] Returning UUID value: 675e03ba-0359-4f95-b063-95ef9221a464
2025-02-11 18:23:15 [DEBUG] [PID:77824] [app.models.shipment] 
=== GUID RESULT VALUE ===
2025-02-11 18:23:15 [DEBUG] [PID:77824] [app.models.shipment] Input value: 6b9d7a10-1a42-44c7-bdaa-c2f8287bf30b
2025-02-11 18:23:15 [DEBUG] [PID:77824] [app.models.shipment] Input type: <class 'uuid.UUID'>
2025-02-11 18:23:15 [DEBUG] [PID:77824] [app.models.shipment] Dialect: postgresql
2025-02-11 18:23:15 [DEBUG] [PID:77824] [app.models.shipment] Returning UUID value: 6b9d7a10-1a42-44c7-bdaa-c2f8287bf30b
2025-02-11 18:23:15 [DEBUG] [PID:77824] [app.models.shipment] 
=== GUID RESULT VALUE ===
2025-02-11 18:23:15 [DEBUG] [PID:77824] [app.models.shipment] Input value: 675e03ba-0359-4f95-b063-95ef9221a464
2025-02-11 18:23:15 [DEBUG] [PID:77824] [app.models.shipment] Input type: <class 'uuid.UUID'>
2025-02-11 18:23:15 [DEBUG] [PID:77824] [app.models.shipment] Dialect: postgresql
2025-02-11 18:23:15 [DEBUG] [PID:77824] [app.models.shipment] Returning UUID value: 675e03ba-0359-4f95-b063-95ef9221a464
2025-02-11 18:23:15 [DEBUG] [PID:77824] [app.models.shipment] 
=== GUID RESULT VALUE ===
2025-02-11 18:23:15 [DEBUG] [PID:77824] [app.models.shipment] Input value: f162622e-ff25-4581-90cc-a03990a8e069
2025-02-11 18:23:15 [DEBUG] [PID:77824] [app.models.shipment] Input type: <class 'uuid.UUID'>
2025-02-11 18:23:15 [DEBUG] [PID:77824] [app.models.shipment] Dialect: postgresql
2025-02-11 18:23:15 [DEBUG] [PID:77824] [app.models.shipment] Returning UUID value: f162622e-ff25-4581-90cc-a03990a8e069
2025-02-11 18:23:15 [DEBUG] [PID:77824] [app.models.shipment] 
=== GUID RESULT VALUE ===
2025-02-11 18:23:15 [DEBUG] [PID:77824] [app.models.shipment] Input value: 675e03ba-0359-4f95-b063-95ef9221a464
2025-02-11 18:23:15 [DEBUG] [PID:77824] [app.models.shipment] Input type: <class 'uuid.UUID'>
2025-02-11 18:23:15 [DEBUG] [PID:77824] [app.models.shipment] Dialect: postgresql
2025-02-11 18:23:15 [DEBUG] [PID:77824] [app.models.shipment] Returning UUID value: 675e03ba-0359-4f95-b063-95ef9221a464
2025-02-11 18:23:15 [DEBUG] [PID:77824] [app.routes.shipments] Found 5 shipments
2025-02-11 18:23:15 [DEBUG] [PID:77824] [app.routes.shipments] Attempting to render template: shipments/list.html
2025-02-11 18:23:16 [DEBUG] [PID:77823] [app.routes.shipments] Accessing shipment details for ID: 728266b3-61c4-4846-9eac-11c19a2c7b50
2025-02-11 18:23:16 [DEBUG] [PID:77823] [app.routes.shipments] Converted shipment ID to string: 728266b3-61c4-4846-9eac-11c19a2c7b50
2025-02-11 18:23:16 [DEBUG] [PID:77823] [app.models.shipment] 
=== GUID BIND PARAM ===
2025-02-11 18:23:16 [DEBUG] [PID:77823] [app.models.shipment] Input value: 728266b3-61c4-4846-9eac-11c19a2c7b50
2025-02-11 18:23:16 [DEBUG] [PID:77823] [app.models.shipment] Input type: <class 'str'>
2025-02-11 18:23:16 [DEBUG] [PID:77823] [app.models.shipment] Dialect: postgresql
2025-02-11 18:23:16 [DEBUG] [PID:77823] [app.models.shipment] PostgreSQL: Converting to string: 728266b3-61c4-4846-9eac-11c19a2c7b50
2025-02-11 18:23:16 [DEBUG] [PID:77823] [app.models.shipment] 
=== GUID RESULT VALUE ===
2025-02-11 18:23:16 [DEBUG] [PID:77823] [app.models.shipment] Input value: 728266b3-61c4-4846-9eac-11c19a2c7b50
2025-02-11 18:23:16 [DEBUG] [PID:77823] [app.models.shipment] Input type: <class 'uuid.UUID'>
2025-02-11 18:23:16 [DEBUG] [PID:77823] [app.models.shipment] Dialect: postgresql
2025-02-11 18:23:16 [DEBUG] [PID:77823] [app.models.shipment] Returning UUID value: 728266b3-61c4-4846-9eac-11c19a2c7b50
2025-02-11 18:23:16 [DEBUG] [PID:77823] [app.models.shipment] 
=== GUID RESULT VALUE ===
2025-02-11 18:23:16 [DEBUG] [PID:77823] [app.models.shipment] Input value: 72e2fe34-b1a7-4e56-ba5a-2164637f3ee0
2025-02-11 18:23:16 [DEBUG] [PID:77823] [app.models.shipment] Input type: <class 'uuid.UUID'>
2025-02-11 18:23:16 [DEBUG] [PID:77823] [app.models.shipment] Dialect: postgresql
2025-02-11 18:23:16 [DEBUG] [PID:77823] [app.models.shipment] Returning UUID value: 72e2fe34-b1a7-4e56-ba5a-2164637f3ee0
2025-02-11 18:23:16 [DEBUG] [PID:77823] [app.routes.shipments] Found shipment with waybill: EX000005
2025-02-11 18:23:16 [DEBUG] [PID:77823] [app.models.shipment] 
=== GUID BIND PARAM ===
2025-02-11 18:23:16 [DEBUG] [PID:77823] [app.models.shipment] Input value: 728266b3-61c4-4846-9eac-11c19a2c7b50
2025-02-11 18:23:16 [DEBUG] [PID:77823] [app.models.shipment] Input type: <class 'uuid.UUID'>
2025-02-11 18:23:16 [DEBUG] [PID:77823] [app.models.shipment] Dialect: postgresql
2025-02-11 18:23:16 [DEBUG] [PID:77823] [app.models.shipment] PostgreSQL: Converting to string: 728266b3-61c4-4846-9eac-11c19a2c7b50
2025-02-11 18:23:16 [DEBUG] [PID:77823] [app.models.shipment] 
=== GUID RESULT VALUE ===
2025-02-11 18:23:16 [DEBUG] [PID:77823] [app.models.shipment] Input value: 160c447a-7fbc-4f07-b4eb-a7efd568769a
2025-02-11 18:23:16 [DEBUG] [PID:77823] [app.models.shipment] Input type: <class 'str'>
2025-02-11 18:23:16 [DEBUG] [PID:77823] [app.models.shipment] Dialect: postgresql
2025-02-11 18:23:16 [DEBUG] [PID:77823] [app.models.shipment] Non-UUID input: Converting to UUID: 160c447a-7fbc-4f07-b4eb-a7efd568769a
2025-02-11 18:23:16 [DEBUG] [PID:77823] [app.models.shipment] 
=== GUID RESULT VALUE ===
2025-02-11 18:23:16 [DEBUG] [PID:77823] [app.models.shipment] Input value: 728266b3-61c4-4846-9eac-11c19a2c7b50
2025-02-11 18:23:16 [DEBUG] [PID:77823] [app.models.shipment] Input type: <class 'uuid.UUID'>
2025-02-11 18:23:16 [DEBUG] [PID:77823] [app.models.shipment] Dialect: postgresql
2025-02-11 18:23:16 [DEBUG] [PID:77823] [app.models.shipment] Returning UUID value: 728266b3-61c4-4846-9eac-11c19a2c7b50
2025-02-11 18:23:16 [DEBUG] [PID:77823] [app.routes.shipments] Found 1 items for shipment
2025-02-11 18:23:16 [DEBUG] [PID:77823] [app.routes.shipments] Items relationship type: <class 'sqlalchemy.orm.collections.InstrumentedList'>
2025-02-11 18:23:16 [DEBUG] [PID:77823] [app.routes.shipments] Items data: [{'id': UUID('160c447a-7fbc-4f07-b4eb-a7efd568769a'), 'description': 'make up'}]
2025-02-11 18:23:16 [DEBUG] [PID:77823] [app.routes.shipments] Calculating financial values
2025-02-11 18:23:16 [DEBUG] [PID:77823] [app.routes.shipments] Financial calculations - Subtotal: 362.0, VAT: 25.340000000000003, Total: 387.34000000000003
2025-02-11 18:23:16 [DEBUG] [PID:77823] [app.routes.shipments] Preparing to render template with shipment data
2025-02-11 18:23:24 [DEBUG] [PID:77821] [app.routes.shipments] Attempting to render new shipment template
2025-02-11 18:23:24 [DEBUG] [PID:77821] [app.routes.shipments] Template search paths: ['/Users/nonsonwune/Desktop/personal_projects/sgk_export/app/templates']
2025-02-11 18:23:24 [DEBUG] [PID:77821] [app.routes.shipments] Available templates: ['contacts.html', 'shipments', 'base.html', 'login.html', 'dashboard.html', 'profile', 'create_user.html', 'manage_users.html', 'change_password.html', 'error.html', 'manage_admins.html']
2025-02-11 18:23:26 [DEBUG] [PID:77822] [app.routes.shipments] Accessing shipments list
2025-02-11 18:23:26 [DEBUG] [PID:77822] [app.routes.shipments] Checking registered endpoints
2025-02-11 18:23:26 [DEBUG] [PID:77822] [app.routes.shipments] Available URL endpoints: ['static', 'main.index', 'main.dashboard', 'main.profile', 'main.print_form_template', 'main.reports', 'main.serve_image', 'auth.login', 'auth.logout', 'auth.change_password', 'shipments.list_shipments', 'shipments.new_shipment', 'shipments.submit_shipment', 'shipments.view_shipment', 'shipments.edit_shipment', 'shipments.delete_shipment', 'shipments.update_status', 'tracking.tracking_page', 'tracking.track_shipment', 'tracking.search_shipment', 'tracking.get_tracking_info', 'contacts.list_senders', 'contacts.list_receivers', 'contacts.list_all_contacts', 'admin.manage_users', 'admin.create_user', 'admin.reset_user_password', 'admin.superuser_recovery', 'admin.delete_user', 'admin.manage_admins', 'admin.add_admin', 'admin.modify_admin', 'admin.delete_admin', 'api.list_shipments', 'api.get_shipment', 'api.create_shipment', 'api.update_shipment', 'api.delete_shipment', 'api.update_status', 'api.get_stats', 'api.get_dashboard_charts', 'api.get_chart_data', 'api.get_dashboard_data', 'profile.index', 'profile.shipments', 'profile.get_shipments']
2025-02-11 18:23:26 [DEBUG] [PID:77822] [app.routes.shipments] Current blueprint routes: ['shipments.<function Blueprint.add_url_rule.<locals>.<lambda> at 0x109e7c400>', 'shipments.<function Blueprint.add_url_rule.<locals>.<lambda> at 0x109e7c5e0>', 'shipments.<function Blueprint.add_url_rule.<locals>.<lambda> at 0x109e7c7c0>', 'shipments.<function Blueprint.add_url_rule.<locals>.<lambda> at 0x109e7c900>', 'shipments.<function Blueprint.add_url_rule.<locals>.<lambda> at 0x109e7cae0>', 'shipments.<function Blueprint.add_url_rule.<locals>.<lambda> at 0x109e7ccc0>', 'shipments.<function Blueprint.add_url_rule.<locals>.<lambda> at 0x109e7cea0>']
2025-02-11 18:23:26 [DEBUG] [PID:77822] [app.models.shipment] 
=== GUID RESULT VALUE ===
2025-02-11 18:23:26 [DEBUG] [PID:77822] [app.models.shipment] Input value: 728266b3-61c4-4846-9eac-11c19a2c7b50
2025-02-11 18:23:26 [DEBUG] [PID:77822] [app.models.shipment] Input type: <class 'uuid.UUID'>
2025-02-11 18:23:26 [DEBUG] [PID:77822] [app.models.shipment] Dialect: postgresql
2025-02-11 18:23:26 [DEBUG] [PID:77822] [app.models.shipment] Returning UUID value: 728266b3-61c4-4846-9eac-11c19a2c7b50
2025-02-11 18:23:26 [DEBUG] [PID:77822] [app.models.shipment] 
=== GUID RESULT VALUE ===
2025-02-11 18:23:26 [DEBUG] [PID:77822] [app.models.shipment] Input value: 72e2fe34-b1a7-4e56-ba5a-2164637f3ee0
2025-02-11 18:23:26 [DEBUG] [PID:77822] [app.models.shipment] Input type: <class 'uuid.UUID'>
2025-02-11 18:23:26 [DEBUG] [PID:77822] [app.models.shipment] Dialect: postgresql
2025-02-11 18:23:26 [DEBUG] [PID:77822] [app.models.shipment] Returning UUID value: 72e2fe34-b1a7-4e56-ba5a-2164637f3ee0
2025-02-11 18:23:26 [DEBUG] [PID:77822] [app.models.shipment] 
=== GUID RESULT VALUE ===
2025-02-11 18:23:26 [DEBUG] [PID:77822] [app.models.shipment] Input value: 783903fc-f289-4d50-9cbd-014cabf1a8c6
2025-02-11 18:23:26 [DEBUG] [PID:77822] [app.models.shipment] Input type: <class 'uuid.UUID'>
2025-02-11 18:23:26 [DEBUG] [PID:77822] [app.models.shipment] Dialect: postgresql
2025-02-11 18:23:26 [DEBUG] [PID:77822] [app.models.shipment] Returning UUID value: 783903fc-f289-4d50-9cbd-014cabf1a8c6
2025-02-11 18:23:26 [DEBUG] [PID:77822] [app.models.shipment] 
=== GUID RESULT VALUE ===
2025-02-11 18:23:26 [DEBUG] [PID:77822] [app.models.shipment] Input value: 675e03ba-0359-4f95-b063-95ef9221a464
2025-02-11 18:23:26 [DEBUG] [PID:77822] [app.models.shipment] Input type: <class 'uuid.UUID'>
2025-02-11 18:23:26 [DEBUG] [PID:77822] [app.models.shipment] Dialect: postgresql
2025-02-11 18:23:26 [DEBUG] [PID:77822] [app.models.shipment] Returning UUID value: 675e03ba-0359-4f95-b063-95ef9221a464
2025-02-11 18:23:26 [DEBUG] [PID:77822] [app.models.shipment] 
=== GUID RESULT VALUE ===
2025-02-11 18:23:26 [DEBUG] [PID:77822] [app.models.shipment] Input value: f2b65e7d-0cfc-41be-ab06-00e4a1b39a18
2025-02-11 18:23:26 [DEBUG] [PID:77822] [app.models.shipment] Input type: <class 'uuid.UUID'>
2025-02-11 18:23:26 [DEBUG] [PID:77822] [app.models.shipment] Dialect: postgresql
2025-02-11 18:23:26 [DEBUG] [PID:77822] [app.models.shipment] Returning UUID value: f2b65e7d-0cfc-41be-ab06-00e4a1b39a18
2025-02-11 18:23:26 [DEBUG] [PID:77822] [app.models.shipment] 
=== GUID RESULT VALUE ===
2025-02-11 18:23:26 [DEBUG] [PID:77822] [app.models.shipment] Input value: 675e03ba-0359-4f95-b063-95ef9221a464
2025-02-11 18:23:26 [DEBUG] [PID:77822] [app.models.shipment] Input type: <class 'uuid.UUID'>
2025-02-11 18:23:26 [DEBUG] [PID:77822] [app.models.shipment] Dialect: postgresql
2025-02-11 18:23:26 [DEBUG] [PID:77822] [app.models.shipment] Returning UUID value: 675e03ba-0359-4f95-b063-95ef9221a464
2025-02-11 18:23:26 [DEBUG] [PID:77822] [app.models.shipment] 
=== GUID RESULT VALUE ===
2025-02-11 18:23:26 [DEBUG] [PID:77822] [app.models.shipment] Input value: 6b9d7a10-1a42-44c7-bdaa-c2f8287bf30b
2025-02-11 18:23:26 [DEBUG] [PID:77822] [app.models.shipment] Input type: <class 'uuid.UUID'>
2025-02-11 18:23:26 [DEBUG] [PID:77822] [app.models.shipment] Dialect: postgresql
2025-02-11 18:23:26 [DEBUG] [PID:77822] [app.models.shipment] Returning UUID value: 6b9d7a10-1a42-44c7-bdaa-c2f8287bf30b
2025-02-11 18:23:26 [DEBUG] [PID:77822] [app.models.shipment] 
=== GUID RESULT VALUE ===
2025-02-11 18:23:26 [DEBUG] [PID:77822] [app.models.shipment] Input value: 675e03ba-0359-4f95-b063-95ef9221a464
2025-02-11 18:23:26 [DEBUG] [PID:77822] [app.models.shipment] Input type: <class 'uuid.UUID'>
2025-02-11 18:23:26 [DEBUG] [PID:77822] [app.models.shipment] Dialect: postgresql
2025-02-11 18:23:26 [DEBUG] [PID:77822] [app.models.shipment] Returning UUID value: 675e03ba-0359-4f95-b063-95ef9221a464
2025-02-11 18:23:26 [DEBUG] [PID:77822] [app.models.shipment] 
=== GUID RESULT VALUE ===
2025-02-11 18:23:26 [DEBUG] [PID:77822] [app.models.shipment] Input value: f162622e-ff25-4581-90cc-a03990a8e069
2025-02-11 18:23:26 [DEBUG] [PID:77822] [app.models.shipment] Input type: <class 'uuid.UUID'>
2025-02-11 18:23:26 [DEBUG] [PID:77822] [app.models.shipment] Dialect: postgresql
2025-02-11 18:23:26 [DEBUG] [PID:77822] [app.models.shipment] Returning UUID value: f162622e-ff25-4581-90cc-a03990a8e069
2025-02-11 18:23:26 [DEBUG] [PID:77822] [app.models.shipment] 
=== GUID RESULT VALUE ===
2025-02-11 18:23:26 [DEBUG] [PID:77822] [app.models.shipment] Input value: 675e03ba-0359-4f95-b063-95ef9221a464
2025-02-11 18:23:26 [DEBUG] [PID:77822] [app.models.shipment] Input type: <class 'uuid.UUID'>
2025-02-11 18:23:26 [DEBUG] [PID:77822] [app.models.shipment] Dialect: postgresql
2025-02-11 18:23:26 [DEBUG] [PID:77822] [app.models.shipment] Returning UUID value: 675e03ba-0359-4f95-b063-95ef9221a464
2025-02-11 18:23:26 [DEBUG] [PID:77822] [app.routes.shipments] Found 5 shipments
2025-02-11 18:23:26 [DEBUG] [PID:77822] [app.routes.shipments] Attempting to render template: shipments/list.html
2025-02-11 18:23:27 [DEBUG] [PID:77823] [app.routes.shipments] Accessing shipment details for ID: 783903fc-f289-4d50-9cbd-014cabf1a8c6
2025-02-11 18:23:27 [DEBUG] [PID:77823] [app.routes.shipments] Converted shipment ID to string: 783903fc-f289-4d50-9cbd-014cabf1a8c6
2025-02-11 18:23:27 [DEBUG] [PID:77823] [app.models.shipment] 
=== GUID BIND PARAM ===
2025-02-11 18:23:27 [DEBUG] [PID:77823] [app.models.shipment] Input value: 783903fc-f289-4d50-9cbd-014cabf1a8c6
2025-02-11 18:23:27 [DEBUG] [PID:77823] [app.models.shipment] Input type: <class 'str'>
2025-02-11 18:23:27 [DEBUG] [PID:77823] [app.models.shipment] Dialect: postgresql
2025-02-11 18:23:27 [DEBUG] [PID:77823] [app.models.shipment] PostgreSQL: Converting to string: 783903fc-f289-4d50-9cbd-014cabf1a8c6
2025-02-11 18:23:27 [DEBUG] [PID:77823] [app.models.shipment] 
=== GUID RESULT VALUE ===
2025-02-11 18:23:27 [DEBUG] [PID:77823] [app.models.shipment] Input value: 783903fc-f289-4d50-9cbd-014cabf1a8c6
2025-02-11 18:23:27 [DEBUG] [PID:77823] [app.models.shipment] Input type: <class 'uuid.UUID'>
2025-02-11 18:23:27 [DEBUG] [PID:77823] [app.models.shipment] Dialect: postgresql
2025-02-11 18:23:27 [DEBUG] [PID:77823] [app.models.shipment] Returning UUID value: 783903fc-f289-4d50-9cbd-014cabf1a8c6
2025-02-11 18:23:27 [DEBUG] [PID:77823] [app.models.shipment] 
=== GUID RESULT VALUE ===
2025-02-11 18:23:27 [DEBUG] [PID:77823] [app.models.shipment] Input value: 675e03ba-0359-4f95-b063-95ef9221a464
2025-02-11 18:23:27 [DEBUG] [PID:77823] [app.models.shipment] Input type: <class 'uuid.UUID'>
2025-02-11 18:23:27 [DEBUG] [PID:77823] [app.models.shipment] Dialect: postgresql
2025-02-11 18:23:27 [DEBUG] [PID:77823] [app.models.shipment] Returning UUID value: 675e03ba-0359-4f95-b063-95ef9221a464
2025-02-11 18:23:27 [DEBUG] [PID:77823] [app.routes.shipments] Found shipment with waybill: EX000004
2025-02-11 18:23:27 [DEBUG] [PID:77823] [app.models.shipment] 
=== GUID BIND PARAM ===
2025-02-11 18:23:27 [DEBUG] [PID:77823] [app.models.shipment] Input value: 783903fc-f289-4d50-9cbd-014cabf1a8c6
2025-02-11 18:23:27 [DEBUG] [PID:77823] [app.models.shipment] Input type: <class 'uuid.UUID'>
2025-02-11 18:23:27 [DEBUG] [PID:77823] [app.models.shipment] Dialect: postgresql
2025-02-11 18:23:27 [DEBUG] [PID:77823] [app.models.shipment] PostgreSQL: Converting to string: 783903fc-f289-4d50-9cbd-014cabf1a8c6
2025-02-11 18:23:27 [DEBUG] [PID:77823] [app.models.shipment] 
=== GUID RESULT VALUE ===
2025-02-11 18:23:27 [DEBUG] [PID:77823] [app.models.shipment] Input value: 935397c0-64d9-4f86-8144-b7b3fa3dfc23
2025-02-11 18:23:27 [DEBUG] [PID:77823] [app.models.shipment] Input type: <class 'str'>
2025-02-11 18:23:27 [DEBUG] [PID:77823] [app.models.shipment] Dialect: postgresql
2025-02-11 18:23:27 [DEBUG] [PID:77823] [app.models.shipment] Non-UUID input: Converting to UUID: 935397c0-64d9-4f86-8144-b7b3fa3dfc23
2025-02-11 18:23:27 [DEBUG] [PID:77823] [app.models.shipment] 
=== GUID RESULT VALUE ===
2025-02-11 18:23:27 [DEBUG] [PID:77823] [app.models.shipment] Input value: 783903fc-f289-4d50-9cbd-014cabf1a8c6
2025-02-11 18:23:27 [DEBUG] [PID:77823] [app.models.shipment] Input type: <class 'uuid.UUID'>
2025-02-11 18:23:27 [DEBUG] [PID:77823] [app.models.shipment] Dialect: postgresql
2025-02-11 18:23:27 [DEBUG] [PID:77823] [app.models.shipment] Returning UUID value: 783903fc-f289-4d50-9cbd-014cabf1a8c6
2025-02-11 18:23:27 [DEBUG] [PID:77823] [app.routes.shipments] Found 1 items for shipment
2025-02-11 18:23:27 [DEBUG] [PID:77823] [app.routes.shipments] Items relationship type: <class 'sqlalchemy.orm.collections.InstrumentedList'>
2025-02-11 18:23:27 [DEBUG] [PID:77823] [app.routes.shipments] Items data: [{'id': UUID('935397c0-64d9-4f86-8144-b7b3fa3dfc23'), 'description': 'iphone'}]
2025-02-11 18:23:27 [DEBUG] [PID:77823] [app.routes.shipments] Calculating financial values
2025-02-11 18:23:27 [DEBUG] [PID:77823] [app.routes.shipments] Financial calculations - Subtotal: 1004.0, VAT: 70.28, Total: 1074.28
2025-02-11 18:23:27 [DEBUG] [PID:77823] [app.routes.shipments] Preparing to render template with shipment data
2025-02-11 18:23:32 [DEBUG] [PID:77822] [app] === Starting Dashboard Data Generation ===
2025-02-11 18:23:32 [DEBUG] [PID:77822] [app] Date ranges - Current month: 2025-02-01 00:00:00, Previous month: 2025-01-01 00:00:00
2025-02-11 18:23:32 [DEBUG] [PID:77822] [app] Fetching monthly stats from 2025-02-01 00:00:00 to 2025-02-11 18:23:32.243467
2025-02-11 18:23:32 [DEBUG] [PID:77822] [app] Monthly stats query result: (5, 3175.0, 0, 2)
2025-02-11 18:23:32 [DEBUG] [PID:77822] [app] Validated monthly stats: {'total_shipments': 5, 'total_revenue': 3175.0, 'active_shipments': 0, 'delivered_shipments': 2}
2025-02-11 18:23:32 [DEBUG] [PID:77822] [app] Fetching monthly stats from 2025-01-01 00:00:00 to 2025-02-01 00:00:00
2025-02-11 18:23:32 [DEBUG] [PID:77822] [app] Monthly stats query result: (0, None, None, None)
2025-02-11 18:23:32 [DEBUG] [PID:77822] [app] Validated monthly stats: {'total_shipments': 0, 'total_revenue': 0.0, 'active_shipments': 0, 'delivered_shipments': 0}
2025-02-11 18:23:32 [DEBUG] [PID:77822] [app] Final monthly stats: {'total_shipments': 5, 'total_revenue': 3175.0, 'active_shipments': 0, 'delivered_shipments': 2, 'shipment_change': 100, 'revenue_change': 100}
2025-02-11 18:23:32 [DEBUG] [PID:77822] [app] === Starting Trend Data Generation ===
2025-02-11 18:23:32 [DEBUG] [PID:77822] [app] Date range: 2024-08-15 18:23:32.259015 to 2025-02-11 18:23:32.259015
2025-02-11 18:23:32 [DEBUG] [PID:77822] [app] Query successful - Found 1 months of data
2025-02-11 18:23:32 [DEBUG] [PID:77822] [app] Processed trend data: {'labels': ['2025-02-01'], 'shipments': [5], 'revenue': [3175.0]}
2025-02-11 18:23:32 [DEBUG] [PID:77822] [app.models.shipment] 
=== GUID RESULT VALUE ===
2025-02-11 18:23:32 [DEBUG] [PID:77822] [app.models.shipment] Input value: 728266b3-61c4-4846-9eac-11c19a2c7b50
2025-02-11 18:23:32 [DEBUG] [PID:77822] [app.models.shipment] Input type: <class 'uuid.UUID'>
2025-02-11 18:23:32 [DEBUG] [PID:77822] [app.models.shipment] Dialect: postgresql
2025-02-11 18:23:32 [DEBUG] [PID:77822] [app.models.shipment] Returning UUID value: 728266b3-61c4-4846-9eac-11c19a2c7b50
2025-02-11 18:23:32 [DEBUG] [PID:77822] [app.models.shipment] 
=== GUID RESULT VALUE ===
2025-02-11 18:23:32 [DEBUG] [PID:77822] [app.models.shipment] Input value: 72e2fe34-b1a7-4e56-ba5a-2164637f3ee0
2025-02-11 18:23:32 [DEBUG] [PID:77822] [app.models.shipment] Input type: <class 'uuid.UUID'>
2025-02-11 18:23:32 [DEBUG] [PID:77822] [app.models.shipment] Dialect: postgresql
2025-02-11 18:23:32 [DEBUG] [PID:77822] [app.models.shipment] Returning UUID value: 72e2fe34-b1a7-4e56-ba5a-2164637f3ee0
2025-02-11 18:23:32 [DEBUG] [PID:77822] [app.models.shipment] 
=== GUID RESULT VALUE ===
2025-02-11 18:23:32 [DEBUG] [PID:77822] [app.models.shipment] Input value: 783903fc-f289-4d50-9cbd-014cabf1a8c6
2025-02-11 18:23:32 [DEBUG] [PID:77822] [app.models.shipment] Input type: <class 'uuid.UUID'>
2025-02-11 18:23:32 [DEBUG] [PID:77822] [app.models.shipment] Dialect: postgresql
2025-02-11 18:23:32 [DEBUG] [PID:77822] [app.models.shipment] Returning UUID value: 783903fc-f289-4d50-9cbd-014cabf1a8c6
2025-02-11 18:23:32 [DEBUG] [PID:77822] [app.models.shipment] 
=== GUID RESULT VALUE ===
2025-02-11 18:23:32 [DEBUG] [PID:77822] [app.models.shipment] Input value: 675e03ba-0359-4f95-b063-95ef9221a464
2025-02-11 18:23:32 [DEBUG] [PID:77822] [app.models.shipment] Input type: <class 'uuid.UUID'>
2025-02-11 18:23:32 [DEBUG] [PID:77822] [app.models.shipment] Dialect: postgresql
2025-02-11 18:23:32 [DEBUG] [PID:77822] [app.models.shipment] Returning UUID value: 675e03ba-0359-4f95-b063-95ef9221a464
2025-02-11 18:23:32 [DEBUG] [PID:77822] [app.models.shipment] 
=== GUID RESULT VALUE ===
2025-02-11 18:23:32 [DEBUG] [PID:77822] [app.models.shipment] Input value: f2b65e7d-0cfc-41be-ab06-00e4a1b39a18
2025-02-11 18:23:32 [DEBUG] [PID:77822] [app.models.shipment] Input type: <class 'uuid.UUID'>
2025-02-11 18:23:32 [DEBUG] [PID:77822] [app.models.shipment] Dialect: postgresql
2025-02-11 18:23:32 [DEBUG] [PID:77822] [app.models.shipment] Returning UUID value: f2b65e7d-0cfc-41be-ab06-00e4a1b39a18
2025-02-11 18:23:32 [DEBUG] [PID:77822] [app.models.shipment] 
=== GUID RESULT VALUE ===
2025-02-11 18:23:32 [DEBUG] [PID:77822] [app.models.shipment] Input value: 675e03ba-0359-4f95-b063-95ef9221a464
2025-02-11 18:23:32 [DEBUG] [PID:77822] [app.models.shipment] Input type: <class 'uuid.UUID'>
2025-02-11 18:23:32 [DEBUG] [PID:77822] [app.models.shipment] Dialect: postgresql
2025-02-11 18:23:32 [DEBUG] [PID:77822] [app.models.shipment] Returning UUID value: 675e03ba-0359-4f95-b063-95ef9221a464
2025-02-11 18:23:32 [DEBUG] [PID:77822] [app.models.shipment] 
=== GUID RESULT VALUE ===
2025-02-11 18:23:32 [DEBUG] [PID:77822] [app.models.shipment] Input value: 6b9d7a10-1a42-44c7-bdaa-c2f8287bf30b
2025-02-11 18:23:32 [DEBUG] [PID:77822] [app.models.shipment] Input type: <class 'uuid.UUID'>
2025-02-11 18:23:32 [DEBUG] [PID:77822] [app.models.shipment] Dialect: postgresql
2025-02-11 18:23:32 [DEBUG] [PID:77822] [app.models.shipment] Returning UUID value: 6b9d7a10-1a42-44c7-bdaa-c2f8287bf30b
2025-02-11 18:23:32 [DEBUG] [PID:77822] [app.models.shipment] 
=== GUID RESULT VALUE ===
2025-02-11 18:23:32 [DEBUG] [PID:77822] [app.models.shipment] Input value: 675e03ba-0359-4f95-b063-95ef9221a464
2025-02-11 18:23:32 [DEBUG] [PID:77822] [app.models.shipment] Input type: <class 'uuid.UUID'>
2025-02-11 18:23:32 [DEBUG] [PID:77822] [app.models.shipment] Dialect: postgresql
2025-02-11 18:23:32 [DEBUG] [PID:77822] [app.models.shipment] Returning UUID value: 675e03ba-0359-4f95-b063-95ef9221a464
2025-02-11 18:23:32 [DEBUG] [PID:77822] [app.models.shipment] 
=== GUID RESULT VALUE ===
2025-02-11 18:23:32 [DEBUG] [PID:77822] [app.models.shipment] Input value: f162622e-ff25-4581-90cc-a03990a8e069
2025-02-11 18:23:32 [DEBUG] [PID:77822] [app.models.shipment] Input type: <class 'uuid.UUID'>
2025-02-11 18:23:32 [DEBUG] [PID:77822] [app.models.shipment] Dialect: postgresql
2025-02-11 18:23:32 [DEBUG] [PID:77822] [app.models.shipment] Returning UUID value: f162622e-ff25-4581-90cc-a03990a8e069
2025-02-11 18:23:32 [DEBUG] [PID:77822] [app.models.shipment] 
=== GUID RESULT VALUE ===
2025-02-11 18:23:32 [DEBUG] [PID:77822] [app.models.shipment] Input value: 675e03ba-0359-4f95-b063-95ef9221a464
2025-02-11 18:23:32 [DEBUG] [PID:77822] [app.models.shipment] Input type: <class 'uuid.UUID'>
2025-02-11 18:23:32 [DEBUG] [PID:77822] [app.models.shipment] Dialect: postgresql
2025-02-11 18:23:32 [DEBUG] [PID:77822] [app.models.shipment] Returning UUID value: 675e03ba-0359-4f95-b063-95ef9221a464
2025-02-11 18:23:32 [DEBUG] [PID:77822] [app] Retrieved 5 recent shipments
2025-02-11 18:23:32 [DEBUG] [PID:77822] [app] === Template Data Debug ===
2025-02-11 18:23:32 [DEBUG] [PID:77822] [app] Template data type: <class 'dict'>
2025-02-11 18:23:32 [DEBUG] [PID:77822] [app] Monthly stats: {'total_shipments': 5, 'total_revenue': 3175.0, 'active_shipments': 0, 'delivered_shipments': 2, 'shipment_change': 100, 'revenue_change': 100}
2025-02-11 18:23:32 [DEBUG] [PID:77822] [app] Trend data type: <class 'dict'>
2025-02-11 18:23:32 [DEBUG] [PID:77822] [app] Trend data: {'labels': ['2025-02-01'], 'shipments': [5], 'revenue': [3175.0]}
2025-02-11 18:23:32 [DEBUG] [PID:77822] [app] Recent shipments count: 5
2025-02-11 18:23:32 [DEBUG] [PID:77821] [app.routes.api] Processing timeRange parameter: 30
2025-02-11 18:23:32 [DEBUG] [PID:77821] [app.routes.api] Converted timeRange to days: 30
2025-02-11 18:23:32 [DEBUG] [PID:77821] [app.routes.api] Date range: 2025-01-12 18:23:32.732133 to 2025-02-11 18:23:32.732133
2025-02-11 18:23:32 [DEBUG] [PID:77821] [app.routes.api] === Starting Status Count Query ===
2025-02-11 18:23:32 [DEBUG] [PID:77821] [app.routes.api] Raw status counts: [('in_transit', 1), ('processing', 2), ('delivered', 2)]
2025-02-11 18:23:32 [ERROR] [PID:77821] [app.routes.api] Error fetching dashboard data: type object 'Shipment' has no attribute 'vat'
Traceback (most recent call last):
  File "/Users/nonsonwune/Desktop/personal_projects/sgk_export/app/routes/api.py", line 538, in get_dashboard_data
    func.sum(Shipment.vat).label('total_vat'),
             ^^^^^^^^^^^^
AttributeError: type object 'Shipment' has no attribute 'vat'
